This is pdfTeX, Version 3.14159265-2.6-1.40.17 (TeX Live 2016/Debian) (preloaded format=pdflatex 2017.3.29)  5 APR 2017 06:22
entering extended mode
 \write18 enabled.
 file:line:error style messages enabled.
 %&-line parsing enabled.
**document.tex
(./document.tex
LaTeX2e <2016/03/31> patch level 3
Babel <3.9r> and hyphenation patterns for 83 language(s) loaded.
(./bioinfo.cls
Document Class: bioinfo 2003/02/08 0.1
(/usr/share/texlive/texmf-dist/tex/latex/base/inputenc.sty
Package: inputenc 2015/03/17 v1.2c Input encoding file
\inpenc@prehook=\toks14
\inpenc@posthook=\toks15
) (./crop.sty
Package: crop 2001/11/16 v1.6 cropmarks (mf)
\CROP@width=\dimen102
\CROP@height=\dimen103
\CROP@index=\count79

(/usr/share/texlive/texmf-dist/tex/latex/graphics/graphics.sty
Package: graphics 2016/07/10 v1.0t Standard LaTeX Graphics (DPC,SPQR)

(/usr/share/texlive/texmf-dist/tex/latex/graphics/trig.sty
Package: trig 2016/01/03 v1.10 sin cos tan (DPC)
)
(/usr/share/texlive/texmf-dist/tex/latex/graphics-cfg/graphics.cfg
File: graphics.cfg 2016/06/04 v1.11 sample graphics configuration
)
Package graphics Info: Driver file: pdftex.def on input line 99.

(/usr/share/texlive/texmf-dist/tex/latex/graphics-def/pdftex.def
File: pdftex.def 2016/07/10 v0.06j Graphics/color for pdfTeX

(/usr/share/texlive/texmf-dist/tex/generic/oberdiek/infwarerr.sty
Package: infwarerr 2016/05/16 v1.4 Providing info/warning/error messages (HO)
)
(/usr/share/texlive/texmf-dist/tex/generic/oberdiek/ltxcmds.sty
Package: ltxcmds 2016/05/16 v1.23 LaTeX kernel commands for general use (HO)
)
\Gread@gobject=\count80
))
\CROP@offset=\count81
Package crop Info: Local config file crop.cfg used on input line 344.
 (./crop.cfg))
Package crop Info: using pdf(la)tex graphics driver on input line 33.
 (./graphicx.sty
Package: graphicx 1999/02/16 v1.0f Enhanced LaTeX Graphics (DPC,SPQR)
 (/usr/share/texlive/texmf-dist/tex/latex/graphics/keyval.sty
Package: keyval 2014/10/28 v1.15 key=value parser (DPC)
\KV@toks@=\toks16
)
\Gin@req@height=\dimen104
\Gin@req@width=\dimen105
) (/usr/share/texlive/texmf-dist/tex/latex/amsmath/amsmath.sty
Package: amsmath 2016/06/28 v2.15d AMS math features
\@mathmargin=\skip41

For additional information on amsmath, use the `?' option.
(/usr/share/texlive/texmf-dist/tex/latex/amsmath/amstext.sty
Package: amstext 2000/06/29 v2.01 AMS text

(/usr/share/texlive/texmf-dist/tex/latex/amsmath/amsgen.sty
File: amsgen.sty 1999/11/30 v2.0 generic functions
\@emptytoks=\toks17
\ex@=\dimen106
))
(/usr/share/texlive/texmf-dist/tex/latex/amsmath/amsbsy.sty
Package: amsbsy 1999/11/29 v1.2d Bold Symbols
\pmbraise@=\dimen107
)
(/usr/share/texlive/texmf-dist/tex/latex/amsmath/amsopn.sty
Package: amsopn 2016/03/08 v2.02 operator names
)
\inf@bad=\count82
LaTeX Info: Redefining \frac on input line 199.
\uproot@=\count83
\leftroot@=\count84
LaTeX Info: Redefining \overline on input line 297.
\classnum@=\count85
\DOTSCASE@=\count86
LaTeX Info: Redefining \ldots on input line 394.
LaTeX Info: Redefining \dots on input line 397.
LaTeX Info: Redefining \cdots on input line 518.
\Mathstrutbox@=\box26
\strutbox@=\box27
\big@size=\dimen108
LaTeX Font Info:    Redeclaring font encoding OML on input line 634.
LaTeX Font Info:    Redeclaring font encoding OMS on input line 635.
\macc@depth=\count87
\c@MaxMatrixCols=\count88
\dotsspace@=\muskip10
\c@parentequation=\count89
\dspbrk@lvl=\count90
\tag@help=\toks18
\row@=\count91
\column@=\count92
\maxfields@=\count93
\andhelp@=\toks19
\eqnshift@=\dimen109
\alignsep@=\dimen110
\tagshift@=\dimen111
\tagwidth@=\dimen112
\totwidth@=\dimen113
\lineht@=\dimen114
\@envbody=\toks20
\multlinegap=\skip42
\multlinetaggap=\skip43
\mathdisplay@stack=\toks21
LaTeX Info: Redefining \[ on input line 2739.
LaTeX Info: Redefining \] on input line 2740.
) (./array.sty
Package: array 1998/05/13 v2.3m Tabular extension package (FMi)
\col@sep=\dimen115
\extrarowheight=\dimen116
\NC@list=\toks22
\extratabsurround=\skip44
\backup@length=\skip45
)
(./color.sty
Package: color 1999/02/16 v1.0i Standard LaTeX Color (DPC)
 (/usr/share/texlive/texmf-dist/tex/latex/graphics-cfg/color.cfg
File: color.cfg 2016/01/02 v1.6 sample color configuration
)
Package color Info: Driver file: pdftex.def on input line 125.
)
(/usr/share/texlive/texmf-dist/tex/latex/amsfonts/amssymb.sty
Package: amssymb 2013/01/14 v3.01 AMS font symbols

(/usr/share/texlive/texmf-dist/tex/latex/amsfonts/amsfonts.sty
Package: amsfonts 2013/01/14 v3.01 Basic AMSFonts support
\symAMSa=\mathgroup4
\symAMSb=\mathgroup5
LaTeX Font Info:    Overwriting math alphabet `\mathfrak' in version `bold'
(Font)                  U/euf/m/n --> U/euf/b/n on input line 106.
))
(./flushend.sty
Package: flushend 1997/10/01
\@aaa=\box28
\@ccc=\box29
\@viper=\box30
\hold@viper=\box31
\atColsBreak=\toks23
\@extra@skip=\dimen117
\@nd@page@rule=\dimen118
) (./stfloats.sty
Package: stfloats 1999/10/22
\@dblbotnum=\count94
\c@dblbotnumber=\count95
)
(/usr/share/texlive/texmf-dist/tex/latex/amscls/amsthm.sty
Package: amsthm 2015/03/04 v2.20.2
\thm@style=\toks24
\thm@bodyfont=\toks25
\thm@headfont=\toks26
\thm@notefont=\toks27
\thm@headpunct=\toks28
\thm@preskip=\skip46
\thm@postskip=\skip47
\thm@headsep=\skip48
\dth@everypar=\toks29
) (./chngpage.sty
Package: chngpage 2001/01/31 v1.1b change page layout
\c@cp@cnt=\count96
\c@cp@tempcnt=\count97
)
(./times.sty
Package: times 2000/01/12 PSNFSS-v8.1 Times font as default roman (SPQR) 
)
\c@section=\count98
\c@subsection=\count99
\c@subsubsection=\count100
\c@paragraph=\count101
\c@subparagraph=\count102
\c@figure=\count103
\c@table=\count104
\dropfromtop=\skip49
\extraspace=\skip50
\aboveskipchk=\skip51
\abovecaptionskip=\skip52
\belowcaptionskip=\skip53
\rotdimen=\dimen119
\tempdime=\dimen120
\temptbox=\box32
 (./natbib.sty
Package: natbib 2000/07/24 7.0a (PWD)
\bibhang=\skip54
\bibsep=\skip55
LaTeX Info: Redefining \cite on input line 508.
\c@NAT@ctr=\count105
))
(/usr/share/texlive/texmf-dist/tex/latex/koma-script/scrextend.sty
Package: scrextend 2016/06/14 v3.21 KOMA-Script package (extend other classes w
ith features of KOMA-Script classes)

(/usr/share/texlive/texmf-dist/tex/latex/koma-script/scrkbase.sty
Package: scrkbase 2016/06/14 v3.21 KOMA-Script package (KOMA-Script-dependent b
asics and keyval usage)

(/usr/share/texlive/texmf-dist/tex/latex/koma-script/scrbase.sty
Package: scrbase 2016/06/14 v3.21 KOMA-Script package (KOMA-Script-independent 
basics and keyval usage)

(/usr/share/texlive/texmf-dist/tex/latex/koma-script/scrlfile.sty
Package: scrlfile 2016/06/14 v3.21 KOMA-Script package (loading files)

Package scrlfile, 2016/06/14 v3.21 KOMA-Script package (loading files)
                  Copyright (C) Markus Kohm

)))
LaTeX Info: Redefining \textsubscript on input line 1293.
Package scrextend Info: unexpected definition of `\@makefnmark'.
(scrextend)             Trying to patch it on input line 1407.
 (/usr/share/texlive/texmf-dist/tex/latex/etoolbox/etoolbox.sty
Package: etoolbox 2015/08/02 v2.2a e-TeX tools for LaTeX (JAW)
\etb@tempcnta=\count106
)
Package scrextend Info: patch seems to be successfull on input line 1407.
)
(/usr/share/texlive/texmf-dist/tex/latex/preprint/fullpage.sty
Package: fullpage 1999/02/23 1.1 (PWD)
\FP@margin=\skip56
)
(/usr/share/texlive/texmf-dist/tex/latex/parskip/parskip.sty
Package: parskip 2001/04/09 non-zero parskip adjustments
)
(/usr/share/texlive/texmf-dist/tex/latex/pgf/frontendlayer/tikz.sty
(/usr/share/texlive/texmf-dist/tex/latex/pgf/basiclayer/pgf.sty
(/usr/share/texlive/texmf-dist/tex/latex/pgf/utilities/pgfrcs.sty
(/usr/share/texlive/texmf-dist/tex/generic/pgf/utilities/pgfutil-common.tex
\pgfutil@everybye=\toks30
\pgfutil@tempdima=\dimen121
\pgfutil@tempdimb=\dimen122

(/usr/share/texlive/texmf-dist/tex/generic/pgf/utilities/pgfutil-common-lists.t
ex)) (/usr/share/texlive/texmf-dist/tex/generic/pgf/utilities/pgfutil-latex.def
\pgfutil@abb=\box33
(/usr/share/texlive/texmf-dist/tex/latex/ms/everyshi.sty
Package: everyshi 2001/05/15 v3.00 EveryShipout Package (MS)
))
(/usr/share/texlive/texmf-dist/tex/generic/pgf/utilities/pgfrcs.code.tex
Package: pgfrcs 2015/08/07 v3.0.1a (rcs-revision 1.31)
))
Package: pgf 2015/08/07 v3.0.1a (rcs-revision 1.15)

(/usr/share/texlive/texmf-dist/tex/latex/pgf/basiclayer/pgfcore.sty
(/usr/share/texlive/texmf-dist/tex/latex/pgf/systemlayer/pgfsys.sty
(/usr/share/texlive/texmf-dist/tex/generic/pgf/systemlayer/pgfsys.code.tex
Package: pgfsys 2014/07/09 v3.0.1a (rcs-revision 1.48)

(/usr/share/texlive/texmf-dist/tex/generic/pgf/utilities/pgfkeys.code.tex
\pgfkeys@pathtoks=\toks31
\pgfkeys@temptoks=\toks32

(/usr/share/texlive/texmf-dist/tex/generic/pgf/utilities/pgfkeysfiltered.code.t
ex
\pgfkeys@tmptoks=\toks33
))
\pgf@x=\dimen123
\pgf@y=\dimen124
\pgf@xa=\dimen125
\pgf@ya=\dimen126
\pgf@xb=\dimen127
\pgf@yb=\dimen128
\pgf@xc=\dimen129
\pgf@yc=\dimen130
\w@pgf@writea=\write3
\r@pgf@reada=\read1
\c@pgf@counta=\count107
\c@pgf@countb=\count108
\c@pgf@countc=\count109
\c@pgf@countd=\count110
\t@pgf@toka=\toks34
\t@pgf@tokb=\toks35
\t@pgf@tokc=\toks36
 (/usr/share/texlive/texmf-dist/tex/generic/pgf/systemlayer/pgf.cfg
File: pgf.cfg 2008/05/14  (rcs-revision 1.7)
)
Driver file for pgf: pgfsys-pdftex.def

(/usr/share/texlive/texmf-dist/tex/generic/pgf/systemlayer/pgfsys-pdftex.def
File: pgfsys-pdftex.def 2014/10/11  (rcs-revision 1.35)

(/usr/share/texlive/texmf-dist/tex/generic/pgf/systemlayer/pgfsys-common-pdf.de
f
File: pgfsys-common-pdf.def 2013/10/10  (rcs-revision 1.13)
)))
(/usr/share/texlive/texmf-dist/tex/generic/pgf/systemlayer/pgfsyssoftpath.code.
tex
File: pgfsyssoftpath.code.tex 2013/09/09  (rcs-revision 1.9)
\pgfsyssoftpath@smallbuffer@items=\count111
\pgfsyssoftpath@bigbuffer@items=\count112
)
(/usr/share/texlive/texmf-dist/tex/generic/pgf/systemlayer/pgfsysprotocol.code.
tex
File: pgfsysprotocol.code.tex 2006/10/16  (rcs-revision 1.4)
)) (/usr/share/texlive/texmf-dist/tex/latex/xcolor/xcolor.sty
Package: xcolor 2016/05/11 v2.12 LaTeX color extensions (UK)

(/usr/share/texlive/texmf-dist/tex/latex/graphics-cfg/color.cfg
File: color.cfg 2016/01/02 v1.6 sample color configuration
)
Package xcolor Info: Driver file: pdftex.def on input line 225.
LaTeX Info: Redefining \color on input line 709.
Package xcolor Info: Model `cmy' substituted by `cmy0' on input line 1348.
Package xcolor Info: Model `hsb' substituted by `rgb' on input line 1352.
Package xcolor Info: Model `RGB' extended on input line 1364.
Package xcolor Info: Model `HTML' substituted by `rgb' on input line 1366.
Package xcolor Info: Model `Hsb' substituted by `hsb' on input line 1367.
Package xcolor Info: Model `tHsb' substituted by `hsb' on input line 1368.
Package xcolor Info: Model `HSB' substituted by `hsb' on input line 1369.
Package xcolor Info: Model `Gray' substituted by `gray' on input line 1370.
Package xcolor Info: Model `wave' substituted by `hsb' on input line 1371.
)
(/usr/share/texlive/texmf-dist/tex/generic/pgf/basiclayer/pgfcore.code.tex
Package: pgfcore 2010/04/11 v3.0.1a (rcs-revision 1.7)

(/usr/share/texlive/texmf-dist/tex/generic/pgf/math/pgfmath.code.tex
(/usr/share/texlive/texmf-dist/tex/generic/pgf/math/pgfmathcalc.code.tex
(/usr/share/texlive/texmf-dist/tex/generic/pgf/math/pgfmathutil.code.tex)
(/usr/share/texlive/texmf-dist/tex/generic/pgf/math/pgfmathparser.code.tex
\pgfmath@dimen=\dimen131
\pgfmath@count=\count113
\pgfmath@box=\box34
\pgfmath@toks=\toks37
\pgfmath@stack@operand=\toks38
\pgfmath@stack@operation=\toks39
)
(/usr/share/texlive/texmf-dist/tex/generic/pgf/math/pgfmathfunctions.code.tex
(/usr/share/texlive/texmf-dist/tex/generic/pgf/math/pgfmathfunctions.basic.code
.tex)
(/usr/share/texlive/texmf-dist/tex/generic/pgf/math/pgfmathfunctions.trigonomet
ric.code.tex)
(/usr/share/texlive/texmf-dist/tex/generic/pgf/math/pgfmathfunctions.random.cod
e.tex)
(/usr/share/texlive/texmf-dist/tex/generic/pgf/math/pgfmathfunctions.comparison
.code.tex)
(/usr/share/texlive/texmf-dist/tex/generic/pgf/math/pgfmathfunctions.base.code.
tex)
(/usr/share/texlive/texmf-dist/tex/generic/pgf/math/pgfmathfunctions.round.code
.tex)
(/usr/share/texlive/texmf-dist/tex/generic/pgf/math/pgfmathfunctions.misc.code.
tex)
(/usr/share/texlive/texmf-dist/tex/generic/pgf/math/pgfmathfunctions.integerari
thmetics.code.tex)))
(/usr/share/texlive/texmf-dist/tex/generic/pgf/math/pgfmathfloat.code.tex
\c@pgfmathroundto@lastzeros=\count114
))
(/usr/share/texlive/texmf-dist/tex/generic/pgf/basiclayer/pgfcorepoints.code.te
x
File: pgfcorepoints.code.tex 2013/10/07  (rcs-revision 1.27)
\pgf@picminx=\dimen132
\pgf@picmaxx=\dimen133
\pgf@picminy=\dimen134
\pgf@picmaxy=\dimen135
\pgf@pathminx=\dimen136
\pgf@pathmaxx=\dimen137
\pgf@pathminy=\dimen138
\pgf@pathmaxy=\dimen139
\pgf@xx=\dimen140
\pgf@xy=\dimen141
\pgf@yx=\dimen142
\pgf@yy=\dimen143
\pgf@zx=\dimen144
\pgf@zy=\dimen145
)
(/usr/share/texlive/texmf-dist/tex/generic/pgf/basiclayer/pgfcorepathconstruct.
code.tex
File: pgfcorepathconstruct.code.tex 2013/10/07  (rcs-revision 1.29)
\pgf@path@lastx=\dimen146
\pgf@path@lasty=\dimen147
)
(/usr/share/texlive/texmf-dist/tex/generic/pgf/basiclayer/pgfcorepathusage.code
.tex
File: pgfcorepathusage.code.tex 2014/11/02  (rcs-revision 1.24)
\pgf@shorten@end@additional=\dimen148
\pgf@shorten@start@additional=\dimen149
)
(/usr/share/texlive/texmf-dist/tex/generic/pgf/basiclayer/pgfcorescopes.code.te
x
File: pgfcorescopes.code.tex 2015/05/08  (rcs-revision 1.46)
\pgfpic=\box35
\pgf@hbox=\box36
\pgf@layerbox@main=\box37
\pgf@picture@serial@count=\count115
)
(/usr/share/texlive/texmf-dist/tex/generic/pgf/basiclayer/pgfcoregraphicstate.c
ode.tex
File: pgfcoregraphicstate.code.tex 2014/11/02  (rcs-revision 1.12)
\pgflinewidth=\dimen150
)
(/usr/share/texlive/texmf-dist/tex/generic/pgf/basiclayer/pgfcoretransformation
s.code.tex
File: pgfcoretransformations.code.tex 2015/08/07  (rcs-revision 1.20)
\pgf@pt@x=\dimen151
\pgf@pt@y=\dimen152
\pgf@pt@temp=\dimen153
)
(/usr/share/texlive/texmf-dist/tex/generic/pgf/basiclayer/pgfcorequick.code.tex
File: pgfcorequick.code.tex 2008/10/09  (rcs-revision 1.3)
)
(/usr/share/texlive/texmf-dist/tex/generic/pgf/basiclayer/pgfcoreobjects.code.t
ex
File: pgfcoreobjects.code.tex 2006/10/11  (rcs-revision 1.2)
)
(/usr/share/texlive/texmf-dist/tex/generic/pgf/basiclayer/pgfcorepathprocessing
.code.tex
File: pgfcorepathprocessing.code.tex 2013/09/09  (rcs-revision 1.9)
)
(/usr/share/texlive/texmf-dist/tex/generic/pgf/basiclayer/pgfcorearrows.code.te
x
File: pgfcorearrows.code.tex 2015/05/14  (rcs-revision 1.43)
\pgfarrowsep=\dimen154
)
(/usr/share/texlive/texmf-dist/tex/generic/pgf/basiclayer/pgfcoreshade.code.tex
File: pgfcoreshade.code.tex 2013/07/15  (rcs-revision 1.15)
\pgf@max=\dimen155
\pgf@sys@shading@range@num=\count116
)
(/usr/share/texlive/texmf-dist/tex/generic/pgf/basiclayer/pgfcoreimage.code.tex
File: pgfcoreimage.code.tex 2013/07/15  (rcs-revision 1.18)

(/usr/share/texlive/texmf-dist/tex/generic/pgf/basiclayer/pgfcoreexternal.code.
tex
File: pgfcoreexternal.code.tex 2014/07/09  (rcs-revision 1.21)
\pgfexternal@startupbox=\box38
))
(/usr/share/texlive/texmf-dist/tex/generic/pgf/basiclayer/pgfcorelayers.code.te
x
File: pgfcorelayers.code.tex 2013/07/18  (rcs-revision 1.7)
)
(/usr/share/texlive/texmf-dist/tex/generic/pgf/basiclayer/pgfcoretransparency.c
ode.tex
File: pgfcoretransparency.code.tex 2013/09/30  (rcs-revision 1.5)
)
(/usr/share/texlive/texmf-dist/tex/generic/pgf/basiclayer/pgfcorepatterns.code.
tex
File: pgfcorepatterns.code.tex 2013/11/07  (rcs-revision 1.5)
)))
(/usr/share/texlive/texmf-dist/tex/generic/pgf/modules/pgfmoduleshapes.code.tex
File: pgfmoduleshapes.code.tex 2014/03/21  (rcs-revision 1.35)
\pgfnodeparttextbox=\box39
) (/usr/share/texlive/texmf-dist/tex/generic/pgf/modules/pgfmoduleplot.code.tex
File: pgfmoduleplot.code.tex 2015/08/03  (rcs-revision 1.13)
)
(/usr/share/texlive/texmf-dist/tex/latex/pgf/compatibility/pgfcomp-version-0-65
.sty
Package: pgfcomp-version-0-65 2007/07/03 v3.0.1a (rcs-revision 1.7)
\pgf@nodesepstart=\dimen156
\pgf@nodesepend=\dimen157
)
(/usr/share/texlive/texmf-dist/tex/latex/pgf/compatibility/pgfcomp-version-1-18
.sty
Package: pgfcomp-version-1-18 2007/07/23 v3.0.1a (rcs-revision 1.1)
)) (/usr/share/texlive/texmf-dist/tex/latex/pgf/utilities/pgffor.sty
(/usr/share/texlive/texmf-dist/tex/latex/pgf/utilities/pgfkeys.sty
(/usr/share/texlive/texmf-dist/tex/generic/pgf/utilities/pgfkeys.code.tex))
(/usr/share/texlive/texmf-dist/tex/latex/pgf/math/pgfmath.sty
(/usr/share/texlive/texmf-dist/tex/generic/pgf/math/pgfmath.code.tex))
(/usr/share/texlive/texmf-dist/tex/generic/pgf/utilities/pgffor.code.tex
Package: pgffor 2013/12/13 v3.0.1a (rcs-revision 1.25)

(/usr/share/texlive/texmf-dist/tex/generic/pgf/math/pgfmath.code.tex)
\pgffor@iter=\dimen158
\pgffor@skip=\dimen159
\pgffor@stack=\toks40
\pgffor@toks=\toks41
))
(/usr/share/texlive/texmf-dist/tex/generic/pgf/frontendlayer/tikz/tikz.code.tex
Package: tikz 2015/08/07 v3.0.1a (rcs-revision 1.151)

(/usr/share/texlive/texmf-dist/tex/generic/pgf/libraries/pgflibraryplothandlers
.code.tex
File: pgflibraryplothandlers.code.tex 2013/08/31 v3.0.1a (rcs-revision 1.20)
\pgf@plot@mark@count=\count117
\pgfplotmarksize=\dimen160
)
\tikz@lastx=\dimen161
\tikz@lasty=\dimen162
\tikz@lastxsaved=\dimen163
\tikz@lastysaved=\dimen164
\tikzleveldistance=\dimen165
\tikzsiblingdistance=\dimen166
\tikz@figbox=\box40
\tikz@figbox@bg=\box41
\tikz@tempbox=\box42
\tikz@tempbox@bg=\box43
\tikztreelevel=\count118
\tikznumberofchildren=\count119
\tikznumberofcurrentchild=\count120
\tikz@fig@count=\count121

(/usr/share/texlive/texmf-dist/tex/generic/pgf/modules/pgfmodulematrix.code.tex
File: pgfmodulematrix.code.tex 2013/09/17  (rcs-revision 1.8)
\pgfmatrixcurrentrow=\count122
\pgfmatrixcurrentcolumn=\count123
\pgf@matrix@numberofcolumns=\count124
)
\tikz@expandcount=\count125

(/usr/share/texlive/texmf-dist/tex/generic/pgf/frontendlayer/tikz/libraries/tik
zlibrarytopaths.code.tex
File: tikzlibrarytopaths.code.tex 2008/06/17 v3.0.1a (rcs-revision 1.2)
))) (./float.sty
Package: float 2001/11/08 v1.3d Float enhancements (AL)
\c@float@type=\count126
\float@exts=\toks42
\float@box=\box44
\@float@everytoks=\toks43
\@floatcapt=\box45
)
(/usr/share/texlive/texmf-dist/tex/latex/sidecap/sidecap.sty
Package: sidecap 2003/06/06 v1.6f SideCap Package (RN/HjG)

(/usr/share/texlive/texmf-dist/tex/latex/base/ifthen.sty
Package: ifthen 2014/09/29 v1.1c Standard LaTeX ifthen package (DPC)
)
\SC@BOXWD=\dimen167
\SC@CAPWD=\dimen168
\SC@tempdima=\dimen169
\SC@tempdimb=\dimen170
\c@SC@C=\count127
\SC@BOX=\box46
)
(/usr/share/texlive/texmf-dist/tex/latex/caption/caption.sty
Package: caption 2016/02/21 v3.3-144 Customizing captions (AR)

(/usr/share/texlive/texmf-dist/tex/latex/caption/caption3.sty
Package: caption3 2016/05/22 v1.7-166 caption3 kernel (AR)
Package caption3 Info: TeX engine: e-TeX on input line 67.
\captionmargin=\dimen171
\captionmargin@=\dimen172
\captionwidth=\dimen173
\caption@tempdima=\dimen174
\caption@indent=\dimen175
\caption@parindent=\dimen176
\caption@hangindent=\dimen177
Package caption Info: Unknown document class (or package),
(caption)             standard defaults will be used.
)

Package caption Warning: Unsupported document class (or package) detected,
(caption)                usage of the caption package is not recommended.
See the caption package documentation for explanation.

Package caption Info: \@makecaption = \long macro:#1#2->\vspace {\abovecaptions
kip }\begingroup \footnotesize \textbf {#1.}\enskip {#2}\par \endgroup .
\c@ContinuedFloat=\count128
Package caption Info: float package is loaded.
Package caption Info: sidecap package is loaded.
) (/usr/share/texlive/texmf-dist/tex/latex/caption/subcaption.sty
Package: subcaption 2016/05/22 v1.1-161 Sub-captions (AR)
\c@subfigure=\count129
\c@subtable=\count130
)
(/usr/share/texlive/texmf-dist/tex/latex/siunitx/siunitx.sty
(/usr/share/texlive/texmf-dist/tex/latex/l3kernel/expl3.sty
Package: expl3 2016/05/18 v6512 L3 programming layer (loader) 

(/usr/share/texlive/texmf-dist/tex/latex/l3kernel/expl3-code.tex
Package: expl3 2016/05/18 v6512 L3 programming layer (code)
L3 Module: l3bootstrap 2016/02/12 v6412 L3 Bootstrap code
L3 Module: l3names 2016/03/11 v6433 L3 Namespace for primitives
L3 Module: l3basics 2015/11/22 v6315 L3 Basic definitions
L3 Module: l3expan 2015/09/10 v5983 L3 Argument expansion
L3 Module: l3tl 2016/03/26 v6465 L3 Token lists
L3 Module: l3str 2016/03/24 v6441 L3 Strings
L3 Module: l3seq 2015/08/05 v5777 L3 Sequences and stacks
L3 Module: l3int 2016/03/24 v6441 L3 Integers
\c_max_int=\count131
\l_tmpa_int=\count132
\l_tmpb_int=\count133
\g_tmpa_int=\count134
\g_tmpb_int=\count135
L3 Module: l3quark 2015/08/17 v5855 L3 Quarks
L3 Module: l3prg 2015/11/01 v6216 L3 Control structures
\g__prg_map_int=\count136
L3 Module: l3clist 2015/09/02 v5901 L3 Comma separated lists
L3 Module: l3token 2016/04/03 v6470 L3 Experimental token manipulation
L3 Module: l3prop 2016/01/05 v6366 L3 Property lists
L3 Module: l3msg 2016/03/26 v6464 L3 Messages
L3 Module: l3file 2016/03/25 v6458 L3 File and I/O operations
\l_iow_line_count_int=\count137
\l__iow_target_count_int=\count138
\l__iow_current_line_int=\count139
\l__iow_current_word_int=\count140
\l__iow_current_indentation_int=\count141
L3 Module: l3skip 2016/01/05 v6366 L3 Dimensions and skips
\c_zero_dim=\dimen178
\c_max_dim=\dimen179
\l_tmpa_dim=\dimen180
\l_tmpb_dim=\dimen181
\g_tmpa_dim=\dimen182
\g_tmpb_dim=\dimen183
\c_zero_skip=\skip57
\c_max_skip=\skip58
\l_tmpa_skip=\skip59
\l_tmpb_skip=\skip60
\g_tmpa_skip=\skip61
\g_tmpb_skip=\skip62
\c_zero_muskip=\muskip11
\c_max_muskip=\muskip12
\l_tmpa_muskip=\muskip13
\l_tmpb_muskip=\muskip14
\g_tmpa_muskip=\muskip15
\g_tmpb_muskip=\muskip16
L3 Module: l3keys 2015/11/17 v6284 L3 Key-value interfaces
\g__keyval_level_int=\count142
\l_keys_choice_int=\count143
L3 Module: l3fp 2016/03/26 v6465 L3 Floating points
\c__fp_leading_shift_int=\count144
\c__fp_middle_shift_int=\count145
\c__fp_trailing_shift_int=\count146
\c__fp_big_leading_shift_int=\count147
\c__fp_big_middle_shift_int=\count148
\c__fp_big_trailing_shift_int=\count149
\c__fp_Bigg_leading_shift_int=\count150
\c__fp_Bigg_middle_shift_int=\count151
\c__fp_Bigg_trailing_shift_int=\count152
L3 Module: l3box 2015/08/09 v5822 L3 Experimental boxes
\c_empty_box=\box47
\l_tmpa_box=\box48
\l_tmpb_box=\box49
\g_tmpa_box=\box50
\g_tmpb_box=\box51
L3 Module: l3coffins 2016/05/17 v6508 L3 Coffin code layer
\l__coffin_internal_box=\box52
\l__coffin_internal_dim=\dimen184
\l__coffin_offset_x_dim=\dimen185
\l__coffin_offset_y_dim=\dimen186
\l__coffin_x_dim=\dimen187
\l__coffin_y_dim=\dimen188
\l__coffin_x_prime_dim=\dimen189
\l__coffin_y_prime_dim=\dimen190
\c_empty_coffin=\box53
\l__coffin_aligned_coffin=\box54
\l__coffin_aligned_internal_coffin=\box55
\l_tmpa_coffin=\box56
\l_tmpb_coffin=\box57
\l__coffin_display_coffin=\box58
\l__coffin_display_coord_coffin=\box59
\l__coffin_display_pole_coffin=\box60
\l__coffin_display_offset_dim=\dimen191
\l__coffin_display_x_dim=\dimen192
\l__coffin_display_y_dim=\dimen193
L3 Module: l3color 2014/08/23 v5354 L3 Experimental color support
L3 Module: l3sys 2015/09/25 v6087 L3 Experimental system/runtime functions
L3 Module: l3candidates 2016/05/13 v6484 L3 Experimental additions to l3kernel
\l__box_top_dim=\dimen194
\l__box_bottom_dim=\dimen195
\l__box_left_dim=\dimen196
\l__box_right_dim=\dimen197
\l__box_top_new_dim=\dimen198
\l__box_bottom_new_dim=\dimen199
\l__box_left_new_dim=\dimen256
\l__box_right_new_dim=\dimen257
\l__box_internal_box=\box61
\l__coffin_bounding_shift_dim=\dimen258
\l__coffin_left_corner_dim=\dimen259
\l__coffin_right_corner_dim=\dimen260
\l__coffin_bottom_corner_dim=\dimen261
\l__coffin_top_corner_dim=\dimen262
\l__coffin_scaled_total_height_dim=\dimen263
\l__coffin_scaled_width_dim=\dimen264
L3 Module: l3luatex 2016/03/26 v6465 L3 Experimental LuaTeX-specific functions
)
(/usr/share/texlive/texmf-dist/tex/latex/l3kernel/l3pdfmode.def
File: l3pdfmode.def 2016/03/26 v6465 L3 Experimental driver: PDF mode
\l__driver_color_stack_int=\count153
\l__driver_tmp_box=\box62
))
(/usr/share/texlive/texmf-dist/tex/latex/l3packages/xparse/xparse.sty
Package: xparse 2016/05/18 v6512 L3 Experimental document command parser
\l__xparse_current_arg_int=\count154
\l__xparse_m_args_int=\count155
\l__xparse_mandatory_args_int=\count156
\l__xparse_processor_int=\count157
\l__xparse_v_nesting_int=\count158
)
Package: siunitx 2016/03/01 v2.6q A comprehensive (SI) units package

(/usr/share/texlive/texmf-dist/tex/latex/l3packages/l3keys2e/l3keys2e.sty
Package: l3keys2e 2016/05/18 v6512 LaTeX2e option processing using LaTeX3 keys
)
\l__siunitx_tmp_box=\box63
\l__siunitx_tmp_dim=\dimen265
\l__siunitx_tmp_int=\count159
\l__siunitx_number_mantissa_length_int=\count160
\l__siunitx_number_uncert_length_int=\count161
\l__siunitx_round_int=\count162
\l__siunitx_process_decimal_int=\count163
\l__siunitx_process_uncertainty_int=\count164
\l__siunitx_process_fixed_int=\count165
\l__siunitx_process_integer_min_int=\count166
\l__siunitx_process_precision_int=\count167
\l__siunitx_group_min_int=\count168
\l__siunitx_angle_marker_box=\box64
\l__siunitx_angle_unit_box=\box65
\l__siunitx_angle_marker_dim=\dimen266
\l__siunitx_angle_unit_dim=\dimen267
\l__siunitx_unit_int=\count169
\l__siunitx_unit_denominator_int=\count170
\l__siunitx_unit_numerator_int=\count171
\l__siunitx_unit_prefix_int=\count172
\l__siunitx_unit_prefix_base_int=\count173
\l__siunitx_unit_prefix_gram_int=\count174
\l__siunitx_number_product_int=\count175
\c__siunitx_one_fill_skip=\skip63
\l__siunitx_table_unit_align_skip=\skip64
\l__siunitx_table_exponent_dim=\dimen268
\l__siunitx_table_integer_dim=\dimen269
\l__siunitx_table_mantissa_dim=\dimen270
\l__siunitx_table_marker_dim=\dimen271
\l__siunitx_table_result_dim=\dimen272
\l__siunitx_table_uncert_dim=\dimen273
\l__siunitx_table_fill_pre_dim=\dimen274
\l__siunitx_table_fill_post_dim=\dimen275
\l__siunitx_table_fill_mid_dim=\dimen276
\l__siunitx_table_pre_box=\box66
\l__siunitx_table_post_box=\box67
\l__siunitx_table_mantissa_box=\box68
\l__siunitx_table_result_box=\box69
\l__siunitx_table_number_align_skip=\skip65
\l__siunitx_table_text_align_skip=\skip66
.................................................
. LaTeX info: "xparse/define-command"
. 
. Defining command \DeclareBinaryPrefix with sig. 'mmm' on line 7218.
.................................................
.................................................
. LaTeX info: "xparse/define-command"
. 
. Defining command \DeclareSIPostPower with sig. 'mm' on line 7221.
.................................................
.................................................
. LaTeX info: "xparse/define-command"
. 
. Defining command \DeclareSIPrefix with sig. 'mmm' on line 7224.
.................................................
.................................................
. LaTeX info: "xparse/define-command"
. 
. Defining command \DeclareSIPrePower with sig. 'mm' on line 7227.
.................................................
.................................................
. LaTeX info: "xparse/define-command"
. 
. Defining command \DeclareSIQualifier with sig. 'mm' on line 7230.
.................................................
.................................................
. LaTeX info: "xparse/define-command"
. 
. Defining command \DeclareSIUnit with sig. 'O{}mm' on line 7233.
.................................................
.................................................
. LaTeX info: "xparse/define-command"
. 
. Defining command \DeclareSIUnitWithOptions with sig. 'mmm' on line 7236.
.................................................
.................................................
. LaTeX info: "xparse/define-command"
. 
. Defining command \ang with sig. 'o>{\SplitArgument {2}{;}}m' on line 7251.
.................................................
.................................................
. LaTeX info: "xparse/define-command"
. 
. Defining command \num with sig. 'om' on line 7260.
.................................................
.................................................
. LaTeX info: "xparse/define-command"
. 
. Defining command \numlist with sig. 'o>{\SplitList {;}}m' on line 7269.
.................................................
.................................................
. LaTeX info: "xparse/define-command"
. 
. Defining command \numrange with sig. 'omm' on line 7278.
.................................................
.................................................
. LaTeX info: "xparse/define-command"
. 
. Defining command \SIlist with sig. 'o>{\SplitList {;}}mm' on line 7290.
.................................................
.................................................
. LaTeX info: "xparse/define-command"
. 
. Defining command \SIrange with sig. 'ommm' on line 7302.
.................................................
.................................................
. LaTeX info: "xparse/define-command"
. 
. Defining command \SI with sig. 'omom' on line 7314.
.................................................
.................................................
. LaTeX info: "xparse/define-command"
. 
. Defining command \sisetup with sig. 'm' on line 7317.
.................................................
.................................................
. LaTeX info: "xparse/define-command"
. 
. Defining command \tablenum with sig. 'om' on line 7332.
.................................................
.................................................
. LaTeX info: "xparse/define-command"
. 
. Defining command \si with sig. 'om' on line 7344.
.................................................
.................................................
. LaTeX info: "xparse/define-command"
. 
. Defining command \__siunitx_bookmark_num:w with sig. 'om' on line 7391.
.................................................
.................................................
. LaTeX info: "xparse/define-command"
. 
. Defining command \__siunitx_bookmark_numrange:w with sig. 'omm' on line
. 7393.
.................................................
.................................................
. LaTeX info: "xparse/define-command"
. 
. Defining command \__siunitx_bookmark_SI:w with sig. 'omom' on line 7395.
.................................................
.................................................
. LaTeX info: "xparse/define-command"
. 
. Defining command \__siunitx_bookmark_SIlist:w with sig. 'omm' on line 7397.
.................................................
.................................................
. LaTeX info: "xparse/define-command"
. 
. Defining command \__siunitx_bookmark_SIrange:w with sig. 'ommm' on line
. 7399.
.................................................
.................................................
. LaTeX info: "xparse/define-command"
. 
. Defining command \__siunitx_bookmark_si:w with sig. 'om' on line 7400.
.................................................
\g__file_internal_ior=\read2

(/usr/share/texlive/texmf-dist/tex/latex/beamer/translator/translator.sty
Package: translator 2010/06/12 ver 1.10

(/usr/share/texlive/texmf-dist/tex/latex/beamer/translator/translator-language-
mappings.tex))) (./document.aux)
\openout1 = `document.aux'.

LaTeX Font Info:    Checking defaults for OML/cmm/m/it on input line 27.
LaTeX Font Info:    ... okay on input line 27.
LaTeX Font Info:    Checking defaults for T1/cmr/m/n on input line 27.
LaTeX Font Info:    ... okay on input line 27.
LaTeX Font Info:    Checking defaults for OT1/cmr/m/n on input line 27.
LaTeX Font Info:    ... okay on input line 27.
LaTeX Font Info:    Checking defaults for OMS/cmsy/m/n on input line 27.
LaTeX Font Info:    ... okay on input line 27.
LaTeX Font Info:    Checking defaults for OMX/cmex/m/n on input line 27.
LaTeX Font Info:    ... okay on input line 27.
LaTeX Font Info:    Checking defaults for U/cmr/m/n on input line 27.
LaTeX Font Info:    ... okay on input line 27.
LaTeX Font Info:    Try loading font information for OT1+ptm on input line 27.

(/usr/share/texlive/texmf-dist/tex/latex/psnfss/ot1ptm.fd
File: ot1ptm.fd 2001/06/04 font definitions for OT1/ptm.
)
(/usr/share/texlive/texmf-dist/tex/context/base/mkii/supp-pdf.mkii
[Loading MPS to PDF converter (version 2006.09.02).]
\scratchcounter=\count176
\scratchdimen=\dimen277
\scratchbox=\box70
\nofMPsegments=\count177
\nofMParguments=\count178
\everyMPshowfont=\toks44
\MPscratchCnt=\count179
\MPscratchDim=\dimen278
\MPnumerator=\count180
\makeMPintoPDFobject=\count181
\everyMPtoPDFconversion=\toks45
) (/usr/share/texlive/texmf-dist/tex/generic/oberdiek/pdftexcmds.sty
Package: pdftexcmds 2016/05/21 v0.22 Utility functions of pdfTeX for LuaTeX (HO
)

(/usr/share/texlive/texmf-dist/tex/generic/oberdiek/ifluatex.sty
Package: ifluatex 2016/05/16 v1.4 Provides the ifluatex switch (HO)
Package ifluatex Info: LuaTeX not detected.
)
(/usr/share/texlive/texmf-dist/tex/generic/oberdiek/ifpdf.sty
Package: ifpdf 2016/05/14 v3.1 Provides the ifpdf switch
)
Package pdftexcmds Info: LuaTeX not detected.
Package pdftexcmds Info: \pdf@primitive is available.
Package pdftexcmds Info: \pdf@ifprimitive is available.
Package pdftexcmds Info: \pdfdraftmode found.
)
(/usr/share/texlive/texmf-dist/tex/latex/oberdiek/epstopdf-base.sty
Package: epstopdf-base 2016/05/15 v2.6 Base part for package epstopdf

(/usr/share/texlive/texmf-dist/tex/latex/oberdiek/grfext.sty
Package: grfext 2016/05/16 v1.2 Manage graphics extensions (HO)

(/usr/share/texlive/texmf-dist/tex/generic/oberdiek/kvdefinekeys.sty
Package: kvdefinekeys 2016/05/16 v1.4 Define keys (HO)
))
(/usr/share/texlive/texmf-dist/tex/latex/oberdiek/kvoptions.sty
Package: kvoptions 2016/05/16 v3.12 Key value format for package options (HO)

(/usr/share/texlive/texmf-dist/tex/generic/oberdiek/kvsetkeys.sty
Package: kvsetkeys 2016/05/16 v1.17 Key value parser (HO)

(/usr/share/texlive/texmf-dist/tex/generic/oberdiek/etexcmds.sty
Package: etexcmds 2016/05/16 v1.6 Avoid name clashes with e-TeX commands (HO)
Package etexcmds Info: Could not find \expanded.
(etexcmds)             That can mean that you are not using pdfTeX 1.50 or
(etexcmds)             that some package has redefined \expanded.
(etexcmds)             In the latter case, load this package earlier.
)))
Package epstopdf-base Info: Redefining graphics rule for `.eps' on input line 4
38.
Package grfext Info: Graphics extension search list:
(grfext)             [.png,.pdf,.jpg,.mps,.jpeg,.jbig2,.jb2,.PNG,.PDF,.JPG,.JPE
G,.JBIG2,.JB2,.eps]
(grfext)             \AppendGraphicsExtensions on input line 456.

(/usr/share/texlive/texmf-dist/tex/latex/latexconfig/epstopdf-sys.cfg
File: epstopdf-sys.cfg 2010/07/13 v1.3 Configuration of (r)epstopdf for TeX Liv
e
))
ABD: EveryShipout initializing macros
(/usr/share/texlive/texmf-dist/tex/latex/ms/ragged2e.sty
Package: ragged2e 2009/05/21 v2.1 ragged2e Package (MS)

(/usr/share/texlive/texmf-dist/tex/latex/ms/everysel.sty
Package: everysel 2011/10/28 v1.2 EverySelectfont Package (MS)

ABD: EverySelectfont initializing macros
LaTeX Info: Redefining \selectfont on input line 126.
)
\CenteringLeftskip=\skip67
\RaggedLeftLeftskip=\skip68
\RaggedRightLeftskip=\skip69
\CenteringRightskip=\skip70
\RaggedLeftRightskip=\skip71
\RaggedRightRightskip=\skip72
\CenteringParfillskip=\skip73
\RaggedLeftParfillskip=\skip74
\RaggedRightParfillskip=\skip75
\JustifyingParfillskip=\skip76
\CenteringParindent=\skip77
\RaggedLeftParindent=\skip78
\RaggedRightParindent=\skip79
\JustifyingParindent=\skip80
)
Package caption Info: Begin \AtBeginDocument code.
Package caption Info: End \AtBeginDocument code.

(/usr/share/texlive/texmf-dist/tex/latex/beamer/translator/dicts/translator-bas
ic-dictionary/translator-basic-dictionary-English.dict
Dictionary: translator-basic-dictionary, Language: English 
)
(/usr/share/texlive/texmf-dist/tex/latex/siunitx/siunitx-abbreviations.cfg
File: siunitx-abbreviations.cfg 2016/03/01 v2.6q siunitx: Abbreviated units
)
\c__siunitx_mathsf_int=\count182


LaTeX Font Warning: Font shape `OT1/cmr/m/n' in size <6.5> not available
(Font)              size <6> substituted on input line 27.


LaTeX Font Warning: Font shape `OML/cmm/m/it' in size <6.5> not available
(Font)              size <6> substituted on input line 27.


LaTeX Font Warning: Font shape `OMS/cmsy/m/n' in size <6.5> not available
(Font)              size <6> substituted on input line 27.

LaTeX Font Info:    Try loading font information for U+msa on input line 27.
(/usr/share/texlive/texmf-dist/tex/latex/amsfonts/umsa.fd
File: umsa.fd 2013/01/14 v3.01 AMS symbols A
)
LaTeX Font Info:    Try loading font information for U+msb on input line 27.

(/usr/share/texlive/texmf-dist/tex/latex/amsfonts/umsb.fd
File: umsb.fd 2013/01/14 v3.01 AMS symbols B
)

LaTeX Font Warning: Font shape `OT1/cmss/m/n' in size <6.5> not available
(Font)              size <6> substituted on input line 27.

\c__siunitx_mathtt_int=\count183

LaTeX Font Warning: Font shape `OT1/cmtt/m/n' in size <6.5> not available
(Font)              size <6> substituted on input line 27.

LaTeX Font Info:    Try loading font information for OT1+phv on input line 39.
(/usr/share/texlive/texmf-dist/tex/latex/psnfss/ot1phv.fd
File: ot1phv.fd 2001/06/04 scalable font definitions for OT1/phv.
)
LaTeX Font Info:    Font shape `OT1/phv/bx/n' in size <9> not available
(Font)              Font shape `OT1/phv/b/n' tried instead on input line 39.
LaTeX Font Info:    Font shape `OT1/phv/bx/n' in size <16> not available
(Font)              Font shape `OT1/phv/b/n' tried instead on input line 39.
LaTeX Font Info:    Calculating math sizes for size <13> on input line 39.


LaTeX Font Warning: Font shape `OT1/cmr/m/n' in size <13> not available
(Font)              size <12> substituted on input line 39.


LaTeX Font Warning: Font shape `OML/cmm/m/it' in size <13> not available
(Font)              size <12> substituted on input line 39.


LaTeX Font Warning: Font shape `OMS/cmsy/m/n' in size <13> not available
(Font)              size <12> substituted on input line 39.


LaTeX Font Warning: Font shape `OT1/cmss/m/n' in size <13> not available
(Font)              size <12> substituted on input line 39.


LaTeX Font Warning: Font shape `OT1/cmtt/m/n' in size <13> not available
(Font)              size <12> substituted on input line 39.


LaTeX Font Warning: Font shape `OT1/cmr/m/n' in size <7.5> not available
(Font)              size <7> substituted on input line 39.


LaTeX Font Warning: Font shape `OML/cmm/m/it' in size <7.5> not available
(Font)              size <7> substituted on input line 39.


LaTeX Font Warning: Font shape `OMS/cmsy/m/n' in size <7.5> not available
(Font)              size <7> substituted on input line 39.


LaTeX Font Warning: Font shape `OT1/cmss/m/n' in size <7.5> not available
(Font)              size <7> substituted on input line 39.


LaTeX Font Warning: Font shape `OT1/cmtt/m/n' in size <7.5> not available
(Font)              size <7> substituted on input line 39.


Underfull \hbox (badness 10000) detected at line 39
[]
 []

LaTeX Font Info:    Font shape `OT1/phv/bx/n' in size <8> not available
(Font)              Font shape `OT1/phv/b/n' tried instead on input line 45.
LaTeX Font Info:    Font shape `OT1/phv/m/it' in size <8> not available
(Font)              Font shape `OT1/phv/m/sl' tried instead on input line 51.

Underfull \hbox (badness 2158) in paragraph at lines 45--55
\OT1/phv/b/n/8 Chapter 1 \OT1/phv/m/n/8 The rate at which unicellular micro-org
anisms
 []


Underfull \hbox (badness 1558) in paragraph at lines 45--55
\OT1/phv/m/n/8 progress through the cell cycle is a major component of
 []


Underfull \hbox (badness 1365) in paragraph at lines 45--55
\OT1/phv/m/n/8 their evolutionary fitness. Measuring fitness phenotypes in
 []


Underfull \hbox (badness 1895) in paragraph at lines 45--55
\OT1/phv/m/n/8 of most quantitative assays of drug sensitivity or genetic
 []


Underfull \hbox (badness 1320) in paragraph at lines 45--55
\OT1/phv/m/n/8 interaction, including genome-wide assays. Growth rate is
 []


Underfull \hbox (badness 1527) in paragraph at lines 45--55
\OT1/phv/m/n/8 anything from hundreds to millions of cells sampled from
 []


Underfull \hbox (badness 1019) in paragraph at lines 45--55
\OT1/phv/m/n/8 isogenic cell lineages (Levy \OT1/ptm/m/it/8 et al\OT1/phv/m/n/8
 ., 2012). Using published
 []


Underfull \hbox (badness 3189) in paragraph at lines 55--61
\OT1/phv/b/n/8 Chapter 2 \OT1/phv/m/n/8 In order to validate and further explor
e the
 []


Underfull \hbox (badness 1184) in paragraph at lines 55--61
\OT1/phv/m/n/8 conclusions from Chapter 1, I re-analyzed high-throughput
 []


Underfull \hbox (badness 1755) in paragraph at lines 55--61
\OT1/phv/m/n/8 tool for $\OML/cmm/m/it/8 ^^V$\OT1/phv/m/n/8 QFA, now available 
as an open source Python
 []

LaTeX Font Info:    Font shape `OT1/ptm/bx/n' in size <9> not available
(Font)              Font shape `OT1/ptm/b/n' tried instead on input line 66.
LaTeX Font Info:    Font shape `OT1/ptm/bx/n' in size <11.5> not available
(Font)              Font shape `OT1/ptm/b/n' tried instead on input line 66.

Overfull \hbox (7.91423pt too wide) in paragraph at lines 66--69
\OT1/ptm/b/n/11.5 CHAPTER 1: POPULATION-LEVEL OBSER-
 []


Underfull \vbox (badness 10000) has occurred while \output is active []

LaTeX Font Info:    Font shape `OT1/phv/bx/n' in size <10> not available
(Font)              Font shape `OT1/phv/b/n' tried instead on input line 69.

Underfull \hbox (badness 3568) in paragraph at lines 71--72
\OT1/ptm/m/n/9 through the cell cycle, is an important component of
 []


Underfull \hbox (badness 1286) in paragraph at lines 71--72
\OT1/ptm/m/n/9 evolutionary fitness in unicellular micro-organisms and is
 []


Underfull \hbox (badness 1769) in paragraph at lines 71--72
\OT1/ptm/m/n/9 indicator of cell health. When modeling cell population
 []


Underfull \hbox (badness 1033) in paragraph at lines 73--74
\OT1/ptm/m/n/9 Baranyi, 2006; Schmidt \OT1/ptm/m/it/9 et al\OT1/ptm/m/n/9 ., 20
12; Levy \OT1/ptm/m/it/9 et al\OT1/ptm/m/n/9 ., 2012).
 []


Underfull \hbox (badness 1297) in paragraph at lines 73--74
\OT1/ptm/m/n/9 needed attention as it finds applications in modeling the
 []

<Ch1TextbookGrowth.png, id=4, 402.00188pt x 216.81pt>
File: Ch1TextbookGrowth.png Graphic file (type png)

<use Ch1TextbookGrowth.png>
Package pdftex.def Info: Ch1TextbookGrowth.png used on input line 79.
(pdftex.def)             Requested size: 225.8775pt x 121.81967pt.
LaTeX Font Info:    Font shape `OT1/ptm/bx/n' in size <8> not available
(Font)              Font shape `OT1/ptm/b/n' tried instead on input line 81.

Underfull \vbox (badness 10000) has occurred while \output is active []

 [1


{/var/lib/texmf/fonts/map/pdftex/updmap/pdftex.map}


]
Underfull \hbox (badness 1019) in paragraph at lines 86--87
\OT1/ptm/m/n/9 non-growing and dying cells in a population, whereby a
 []


Underfull \hbox (badness 1515) in paragraph at lines 86--87
\OT1/ptm/m/n/9 lag phase can appear in bacterial cultures for up to 20
 []


Underfull \hbox (badness 1406) in paragraph at lines 86--87
\OT1/ptm/m/n/9 by fitting simple population growth models to thousands
 []


Underfull \hbox (badness 2080) in paragraph at lines 86--87
\OT1/ptm/m/n/9 has been shown to be the case in drug resistance and
 []


Underfull \hbox (badness 2245) in paragraph at lines 95--96
[]\OT1/ptm/m/n/9 Some clonal lineages in the provided data contained
 []

LaTeX Font Info:    Try loading font information for OT1+pcr on input line 97.
(/usr/share/texlive/texmf-dist/tex/latex/psnfss/ot1pcr.fd
File: ot1pcr.fd 2001/06/04 font definitions for OT1/pcr.
)
Overfull \hbox (0.48479pt too wide) in paragraph at lines 97--98
[]\OT1/ptm/m/n/9 Data analyses and subsequent simulations and visualizations
 []


Underfull \hbox (badness 1365) in paragraph at lines 97--98
\OT1/ptm/m/n/9 were carried out using R (version 3.3.2; R Core Team,
 []


Underfull \vbox (badness 10000) has occurred while \output is active []

 [2 <./Ch1TextbookGrowth.png>]
Underfull \hbox (badness 1527) in paragraph at lines 123--125
\OT1/ptm/m/n/9 growth rate estimates $\OML/cmm/m/it/9 r$ \OT1/ptm/m/n/9 for the
 first segment and $\OML/cmm/m/it/9 s$ \OT1/ptm/m/n/9 for
 []


Underfull \hbox (badness 3375) in paragraph at lines 129--132
 \OT1/ptm/m/it/9 3.2.1 Inference using a deterministic model[] \OT1/ptm/m/n/9 I
ndividual
 []


Underfull \hbox (badness 2591) in paragraph at lines 129--132
\OT1/ptm/m/n/9 lineage growth curves show no significant evidence for
 []


Underfull \hbox (badness 1377) in paragraph at lines 133--134
\OT1/ptm/m/n/9 a stochastic, birth-only model. I made use of a newly-
 []


Underfull \hbox (badness 3449) in paragraph at lines 133--134
\OT1/ptm/m/n/9 simulation algorithm (Gillespie, 1977). Cell division is
 []


Underfull \hbox (badness 1320) in paragraph at lines 138--139
\OT1/ptm/m/n/9 Pirt (1975) characterized apparent population growth rate
 []


Underfull \hbox (badness 1087) in paragraph at lines 145--146
[]\OT1/ptm/m/n/9 In order to simulate clonal bulk population growth, I
 []


Underfull \hbox (badness 1796) in paragraph at lines 145--146
\OT1/ptm/m/n/9 growth rate distributions obtained for each strain in the
 []


Underfull \hbox (badness 1859) in paragraph at lines 145--146
\OT1/ptm/m/n/9 parameter inference step. Individual growth curves were
 []


Underfull \hbox (badness 1424) in paragraph at lines 145--146
\OT1/ptm/m/n/9 Fitness Analysis (QFA) (Addinall \OT1/ptm/m/it/9 et al\OT1/ptm/m
/n/9 ., 2011). Optimal
 []


Underfull \hbox (badness 2435) in paragraph at lines 147--148
\OT1/ptm/m/n/9 in a piece-wise linear growth curve on the logarithmic
 []


Underfull \hbox (badness 1237) in paragraph at lines 147--148
\OT1/ptm/m/n/9 (exponential) growing phases of the simulated population
 []

<Ch1Segmentation.png, id=29, 264.23718pt x 180.675pt>
File: Ch1Segmentation.png Graphic file (type png)

<use Ch1Segmentation.png>
Package pdftex.def Info: Ch1Segmentation.png used on input line 152.
(pdftex.def)             Requested size: 135.52788pt x 92.66682pt.
 <Ch1PopSim.png, id=30, 1132.23pt x 495.35063pt>
File: Ch1PopSim.png Graphic file (type png)

<use Ch1PopSim.png>
Package pdftex.def Info: Ch1PopSim.png used on input line 162.
(pdftex.def)             Requested size: 469.75502pt x 205.51376pt.
 [3 <./Ch1Segmentation.png>]
<Ch1SyntheticDistr.png, id=38, 514.17094pt x 252.19218pt>
File: Ch1SyntheticDistr.png Graphic file (type png)

<use Ch1SyntheticDistr.png>
Package pdftex.def Info: Ch1SyntheticDistr.png used on input line 180.
(pdftex.def)             Requested size: 225.8775pt x 110.79173pt.


LaTeX Font Warning: Font shape `OT1/cmr/bx/n' in size <7.5> not available
(Font)              size <7> substituted on input line 204.


LaTeX Font Warning: Font shape `OML/cmm/b/it' in size <7.5> not available
(Font)              size <7> substituted on input line 204.


LaTeX Font Warning: Font shape `OMS/cmsy/b/n' in size <7.5> not available
(Font)              size <7> substituted on input line 204.

<Ch1Densityb.png, id=39, 606.01407pt x 237.88875pt>
File: Ch1Densityb.png Graphic file (type png)
 <use Ch1Densityb.png>
Package pdftex.def Info: Ch1Densityb.png used on input line 209.
(pdftex.def)             Requested size: 225.8775pt x 88.66719pt.
LaTeX Font Info:    Font shape `OT1/ptm/bx/it' in size <8> not available
(Font)              Font shape `OT1/ptm/b/it' tried instead on input line 211.

<Ch1MeanVar.png, id=40, 742.27313pt x 351.56343pt>
File: Ch1MeanVar.png Graphic file (type png)
 <use Ch1MeanVar.png>
Package pdftex.def Info: Ch1MeanVar.png used on input line 220.
(pdftex.def)             Requested size: 293.64143pt x 139.07791pt.

endSC@dblfloat: \@tempdima=469.75502pt

Underfull \hbox (badness 1122) in paragraph at lines 224--224
[][]\OT1/phv/b/n/8 : |\OT1/ptm/b/n/8 Population growth rate estimates and
 []


Underfull \hbox (badness 2096) in paragraph at lines 224--224
\OT1/ptm/m/n/8 Growth rates of \OT1/ptm/m/it/8 yfr054c$\OT1/cmr/m/n/8 ^^A$ \OT1
/ptm/m/n/8 (A) and \OT1/ptm/m/it/8 snf6$\OT1/cmr/m/n/8 ^^A$ \OT1/ptm/m/n/8 (B)
 []

[4 <./Ch1SyntheticDistr.png> <./Ch1Densityb.png> <./Ch1PopSim.png>]
Underfull \vbox (badness 10000) has occurred while \output is active []


<Ch1ApparentLags.png, id=48, 292.84406pt x 240.14719pt>
File: Ch1ApparentLags.png Graphic file (type png)

<use Ch1ApparentLags.png>
Package pdftex.def Info: Ch1ApparentLags.png used on input line 244.
(pdftex.def)             Requested size: 158.11356pt x 129.66653pt.
 <Ch2Percentages.png, id=49, 770.88pt x 247.67531pt>
File: Ch2Percentages.png Graphic file (type png)

<use Ch2Percentages.png>
Package pdftex.def Info: Ch2Percentages.png used on input line 255.
(pdftex.def)             Requested size: 422.77664pt x 135.83257pt.

Underfull \hbox (badness 4954) in paragraph at lines 262--263
\OT1/ptm/m/n/9 Mean apparent lag phase duration predicts a negative
 []

[5 <./Ch1MeanVar.png> <./Ch1ApparentLags.png>]
<Ch1Synthetic.png, id=55, 813.0375pt x 288.3272pt>
File: Ch1Synthetic.png Graphic file (type png)
 <use Ch1Synthetic.png>
Package pdftex.def Info: Ch1Synthetic.png used on input line 268.
(pdftex.def)             Requested size: 469.75502pt x 166.58755pt.

<Ch1FishPlots.png, id=56, 301.8778pt x 280.04625pt>
File: Ch1FishPlots.png Graphic file (type png)
 <use Ch1FishPlots.png>
Package pdftex.def Info: Ch1FishPlots.png used on input line 283.
(pdftex.def)             Requested size: 169.40813pt x 157.15385pt.

Underfull \hbox (badness 2689) in paragraph at lines 290--291
\OT1/ptm/m/n/9 growth rate. The lag phase apparent at the population
 []

<Ch1StochComp.png, id=57, 1093.83656pt x 260.47313pt>
File: Ch1StochComp.png Graphic file (type png)
 <use Ch1StochComp.png>
Package pdftex.def Info: Ch1StochComp.png used on input line 298.
(pdftex.def)             Requested size: 469.75502pt x 111.86215pt.

Overfull \hbox (0.96486pt too wide) in paragraph at lines 308--309
\OT1/ptm/m/n/9 Heterogeneity at the single lineage level influences observation
s
 []


Underfull \hbox (badness 1024) in paragraph at lines 308--309
\OT1/ptm/m/n/9 this again emphasizes that population behavior is heavily
 []

[6 <./Ch1FishPlots.png> <./Ch2Percentages.png>]
Underfull \vbox (badness 10000) has occurred while \output is active []


Underfull \hbox (badness 1043) in paragraph at lines 315--316
\OT1/ptm/m/n/9 When modeling lineage growth using a stochastic, birth-
 []


Underfull \hbox (badness 1264) in paragraph at lines 315--316
\OT1/ptm/m/n/9 obtained from the two models can differ by up to 0.27
 []

[7 <./Ch1Synthetic.png> <./Ch1StochComp.png>]
<Ch2ImageAnalysis.png, id=70, 835.62187pt x 255.20343pt>
File: Ch2ImageAnalysis.png Graphic file (type png)

<use Ch2ImageAnalysis.png>
Package pdftex.def Info: Ch2ImageAnalysis.png used on input line 324.
(pdftex.def)             Requested size: 469.75502pt x 143.46979pt.

Underfull \hbox (badness 1661) in paragraph at lines 331--334
\OT1/ptm/m/n/9 Population measurements are the most common tool for
 []


Underfull \hbox (badness 1817) in paragraph at lines 331--334
\OT1/ptm/m/n/9 interpreted previously observed growth rate heterogeneity
 []


Underfull \hbox (badness 1789) in paragraph at lines 335--336
\OT1/ptm/m/n/9 of apparent lag and lineage heterogeneity. Apparent lag
 []


Underfull \hbox (badness 2512) in paragraph at lines 335--336
\OT1/ptm/m/n/9 duration and the subsequent change in growth rate are
 []


Underfull \hbox (badness 1052) in paragraph at lines 337--338
\OT1/ptm/m/n/9 purely at the population level, my results provide a key
 []


Underfull \hbox (badness 1859) in paragraph at lines 337--338
\OT1/ptm/m/n/9 proportion of lineages favored by selection, making the
 []


Underfull \hbox (badness 1902) in paragraph at lines 339--340
\OT1/ptm/m/n/9 to sample from the exponential phase and to use large
 []


Underfull \vbox (badness 10000) has occurred while \output is active []

 [8]
LaTeX Font Info:    Calculating math sizes for size <11.5> on input line 348.


LaTeX Font Warning: Font shape `OT1/cmr/m/n' in size <11.5> not available
(Font)              size <12> substituted on input line 348.


LaTeX Font Warning: Font shape `OML/cmm/m/it' in size <11.5> not available
(Font)              size <12> substituted on input line 348.


LaTeX Font Warning: Font shape `OMS/cmsy/m/n' in size <11.5> not available
(Font)              size <12> substituted on input line 348.


LaTeX Font Warning: Font shape `OT1/cmss/m/n' in size <11.5> not available
(Font)              size <12> substituted on input line 348.


LaTeX Font Warning: Font shape `OT1/cmtt/m/n' in size <11.5> not available
(Font)              size <12> substituted on input line 348.


Overfull \hbox (6.7615pt too wide) in paragraph at lines 347--351
\OT1/ptm/b/n/11.5 CHAPTER 2: $\OML/cmm/m/it/12 ^^V$\OT1/ptm/b/n/11.5 QFA: DIREC
T COMPARISON
 []


Underfull \hbox (badness 2205) in paragraph at lines 354--355
\OT1/ptm/m/n/9 did not have access to the raw data, including colony
 []


Underfull \hbox (badness 2126) in paragraph at lines 354--355
\OT1/ptm/m/n/9 microscopy experiments on Quantitative Fitness Analysis
 []


Underfull \hbox (badness 2846) in paragraph at lines 354--355
\OT1/ptm/m/n/9 single lineage growth, an approach I here refer to as
 []


Underfull \hbox (badness 2020) in paragraph at lines 354--355
\OT1/ptm/m/n/9 microscopy, $\OML/cmm/m/it/9 ^^V$\OT1/ptm/m/n/9 QFA enables high
-content insight into the
 []


Underfull \hbox (badness 2538) in paragraph at lines 356--357
[]\OT1/ptm/m/n/9 The aim here is to more easily distinguish inherent
 []


Underfull \hbox (badness 2042) in paragraph at lines 356--357
\OT1/ptm/m/n/9 noise from experimental errors in order to obtain more
 []


Underfull \hbox (badness 2781) in paragraph at lines 356--357
\OT1/ptm/m/n/9 exact growth rate distributions and to validate previous
 []

<Ch2ParInf.png, id=74, 1612.52437pt x 511.9125pt>
File: Ch2ParInf.png Graphic file (type png)
 <use Ch2ParInf.png>
Package pdftex.def Info: Ch2ParInf.png used on input line 360.
(pdftex.def)             Requested size: 469.75502pt x 149.13039pt.

Underfull \hbox (badness 1337) in paragraph at lines 369--370
\OT1/ptm/m/n/9 support of Prof. Lydall's research group. I implemented
 []


Underfull \hbox (badness 7667) in paragraph at lines 369--370
\OT1/ptm/m/n/9 an image analysis tool for the obtained microscopic
 []


Underfull \hbox (badness 3019) in paragraph at lines 369--370
\OT1/ptm/m/n/9 (https://github.com/lwlss/discstoch/tree/master/muqfatc). For
 []


Overfull \hbox (1.11696pt too wide) in paragraph at lines 369--370
\OT1/ptm/m/n/9 package (https://github.com/lwlss/discstoch/tree/master/detstoc
 []


Underfull \hbox (badness 6032) in paragraph at lines 369--370
\OT1/ptm/m/n/9 growth) written for the analyses done in Chapter 1,
 []

[9 <./Ch2ImageAnalysis.png>]
LaTeX Font Info:    Try loading font information for TS1+ptm on input line 376.


(/usr/share/texlive/texmf-dist/tex/latex/psnfss/ts1ptm.fd
File: ts1ptm.fd 2001/06/04 font definitions for TS1/ptm.
)
Underfull \hbox (badness 1314) in paragraph at lines 376--377
\OT1/ptm/m/n/9 solid agar in round Petri dishes. \OT1/ptm/m/it/9 his3$\OT1/cmr/
m/n/9 ^^A$ \OT1/ptm/m/n/9 acts as a wild-
 []


Underfull \hbox (badness 1681) in paragraph at lines 376--377
\OT1/ptm/m/n/9 type surrogate (it has the HIS3 gene inserted elsewhere
 []


Underfull \hbox (badness 2073) in paragraph at lines 376--377
\OT1/ptm/m/n/9 in its genome), and \OT1/ptm/m/it/9 htz1$\OT1/cmr/m/n/9 ^^A$ \OT
1/ptm/m/n/9 was chosen for comparison
 []


Underfull \hbox (badness 1701) in paragraph at lines 376--377
\OT1/ptm/m/n/9 since its growth rates have previously been observed to
 []


Underfull \hbox (badness 1226) in paragraph at lines 382--384
[]\OT1/ptm/m/n/9 Colony contours of non-merged colonies were tracked
 []


Underfull \hbox (badness 2582) in paragraph at lines 382--384
\OT1/ptm/m/n/9 individually for 6 h (20 observations) and checked for
 []


Underfull \hbox (badness 10000) in paragraph at lines 392--393

 []


Underfull \hbox (badness 10000) in paragraph at lines 394--397

 []


Underfull \hbox (badness 2799) in paragraph at lines 398--400
\OT1/ptm/m/n/9 birth-only model (Gillespie, 1977; Bailey, 1964) up to
 []


Underfull \hbox (badness 2111) in paragraph at lines 398--400
\OT1/ptm/m/n/9 growth model (Verhulst, 1845) with a constant carrying
 []


Underfull \hbox (badness 1953) in paragraph at lines 398--400
\OT1/ptm/m/n/9 capacity $\OML/cmm/m/it/9 K \OT1/cmr/m/n/9 = 15000$ \OT1/ptm/m/n
/9 and initial growth rate estimate
 []

[10 <./Ch2ParInf.png>] <HIS3ModelComp.png, id=86, 565.36218pt x 505.89pt>
File: HIS3ModelComp.png Graphic file (type png)

<use HIS3ModelComp.png>
Package pdftex.def Info: HIS3ModelComp.png used on input line 426.
(pdftex.def)             Requested size: 169.40813pt x 151.5829pt.

<ResColSizeLawless.png, id=87, 621.82312pt x 400.49625pt>
File: ResColSizeLawless.png Graphic file (type png)

<use ResColSizeLawless.png>
Package pdftex.def Info: ResColSizeLawless.png used on input line 436.
(pdftex.def)             Requested size: 225.8775pt x 145.4802pt.

<BayesDiscStoch.png, id=88, 775.39688pt x 233.37187pt>
File: BayesDiscStoch.png Graphic file (type png)

<use BayesDiscStoch.png>
Package pdftex.def Info: BayesDiscStoch.png used on input line 447.
(pdftex.def)             Requested size: 469.75502pt x 141.38448pt.

Underfull \hbox (badness 1122) in paragraph at lines 454--455
\OT1/ptm/m/n/9 to confirm inferred parameters with a Bayesian approach
 []

[11 <./HIS3ModelComp.png> <./ResColSizeLawless.png>]
<Ch2LawlessDens.png, id=94, 352.31625pt x 240.9pt>
File: Ch2LawlessDens.png Graphic file (type png)
 <use Ch2LawlessDens.png>
Package pdftex.def Info: Ch2LawlessDens.png used on input line 460.
(pdftex.def)             Requested size: 169.40813pt x 115.83284pt.

Underfull \hbox (badness 1270) in paragraph at lines 462--462
[]\OT1/phv/b/n/8 Fig. 16: |\OT1/ptm/b/n/8 Frequentist versus Bayesian growth ra
te estimates:
 []


Underfull \hbox (badness 1308) in paragraph at lines 474--475
\OT1/ptm/m/n/9 Because a Bayesian approach was most successful when
 []


Underfull \hbox (badness 1389) in paragraph at lines 474--475
\OT1/ptm/m/n/9 for parameter inference using a discrete/stochastic hybrid
 []


Underfull \hbox (badness 2662) in paragraph at lines 474--475
\OT1/ptm/m/n/9 model (Figure 13[]). Several issues, however, keep this
 []


Underfull \vbox (badness 10000) has occurred while \output is active []


Underfull \hbox (badness 2119) in paragraph at lines 482--483
\OT1/ptm/m/n/9 of noise and growth rate $\OML/cmm/m/it/9 r > \OT1/cmr/m/n/9 0\O
ML/cmm/m/it/9 :\OT1/cmr/m/n/9 2$\OT1/ptm/m/n/9 , parameter values
 []


Underfull \hbox (badness 2469) in paragraph at lines 482--483
\OT1/ptm/m/n/9 converge to give a growth rate estimate. For example,
 []


Underfull \hbox (badness 3838) in paragraph at lines 482--483
\OT1/ptm/m/n/9 the growth rate parameter obtained from the Bayesian
 []

<Ch2MeanVar2.png, id=95, 856.70062pt x 244.66406pt>
File: Ch2MeanVar2.png Graphic file (type png)
 <use Ch2MeanVar2.png>
Package pdftex.def Info: Ch2MeanVar2.png used on input line 488.
(pdftex.def)             Requested size: 469.75502pt x 134.15498pt.

Underfull \hbox (badness 3323) in paragraph at lines 498--499
\OT1/ptm/m/n/9 The $\OML/cmm/m/it/9 ^^V$\OT1/ptm/m/n/9 QFA data, which includes
 non-dividing lineages,
 []


Underfull \hbox (badness 1137) in paragraph at lines 498--499
\OT1/ptm/m/n/9 confirms the results of Chapter 1, in that all population
 []


Underfull \vbox (badness 10000) has occurred while \output is active []

 [12 <./Ch2LawlessDens.png> <./BayesDiscStoch.png>]
<Ch2ApparentLags.png, id=101, 306.39468pt x 250.68657pt>
File: Ch2ApparentLags.png Graphic file (type png)

<use Ch2ApparentLags.png>
Package pdftex.def Info: Ch2ApparentLags.png used on input line 504.
(pdftex.def)             Requested size: 180.70268pt x 147.8464pt.
 <Ch2PopEst.png, id=102, 344.78813pt x 421.575pt>
File: Ch2PopEst.png Graphic file (type png)

<use Ch2PopEst.png>
Package pdftex.def Info: Ch2PopEst.png used on input line 518.
(pdftex.def)             Requested size: 169.40813pt x 207.13963pt.

Underfull \vbox (badness 10000) has occurred while \output is active []


Overfull \hbox (0.69666pt too wide) in paragraph at lines 525--526
\OT1/ptm/m/n/9 As predicted by my simulations, $\OML/cmm/m/it/9 ^^V$\OT1/ptm/m/
n/9 QFA population observations
 []

[13 <./Ch2ApparentLags.png> <./Ch2PopEst.png> <./Ch2MeanVar2.png>]
<Ch2ObsSimComp.png, id=110, 381.67593pt x 205.5178pt>
File: Ch2ObsSimComp.png Graphic file (type png)
 <use Ch2ObsSimComp.png>
Package pdftex.def Info: Ch2ObsSimComp.png used on input line 535.
(pdftex.def)             Requested size: 225.8775pt x 121.6245pt.

Underfull \hbox (badness 1466) in paragraph at lines 537--537
[]\OT1/phv/b/n/8 Fig. 21: |\OT1/ptm/b/n/8 Observed and simulated population gro
wth in pin
 []


Underfull \hbox (badness 4048) in paragraph at lines 542--543
[]\OT1/ptm/m/n/9 When sampling from lineage distributions associated
 []


Underfull \hbox (badness 1596) in paragraph at lines 542--543
\OT1/ptm/m/n/9 with a single pin and comparing the simulations to the
 []


Underfull \hbox (badness 1810) in paragraph at lines 547--548
\OT1/ptm/m/n/9 1, are best modeled using a normal error measurement
 []


Underfull \hbox (badness 1997) in paragraph at lines 547--548
\OT1/ptm/m/n/9 in early time points. Choosing a model that accurately
 []


Underfull \hbox (badness 1762) in paragraph at lines 547--548
\OT1/ptm/m/n/9 captures the validity of the data is absolutely necessary
 []


Underfull \hbox (badness 3128) in paragraph at lines 547--548
\OT1/ptm/m/n/9 1, the discrete stochastic parameter inferences suggests
 []


Underfull \hbox (badness 1776) in paragraph at lines 547--548
\OT1/ptm/m/n/9 parameter inference in R (version 3.3.2; R Core Team,
 []


Underfull \hbox (badness 1173) in paragraph at lines 549--550
[]\OT1/ptm/m/n/9 Raw image data of $\OML/cmm/m/it/9 ^^V$\OT1/ptm/m/n/9 QFA allo
w for a verification of
 []


Underfull \hbox (badness 1796) in paragraph at lines 551--552
\OT1/ptm/m/n/9 at the single lineage level (Ginovart \OT1/ptm/m/it/9 et al\OT1/
ptm/m/n/9 ., 2011). The
 []


Underfull \hbox (badness 1092) in paragraph at lines 551--552
\OT1/ptm/m/n/9 environmental conditions and thus continues to persist in
 []


Underfull \hbox (badness 1430) in paragraph at lines 551--552
\OT1/ptm/m/n/9 cell may produce offspring according to a given growth
 []

[14 <./Ch2ObsSimComp.png>]
Underfull \hbox (badness 6927) in paragraph at lines 553--554
[]\OT1/ptm/m/n/9 As demonstrated, growth rate heterogeneity should
 []


Underfull \hbox (badness 1038) in paragraph at lines 557--558
\OT1/ptm/m/n/9 by Sasha Levy and Mark Siegal. The discrete stochastic
 []


Underfull \hbox (badness 1661) in paragraph at lines 557--558
\OT1/ptm/m/n/9 possible by David Lydall and his laboratory group who
 []

LaTeX Font Info:    Font shape `OT1/ptm/bx/n' in size <7> not available
(Font)              Font shape `OT1/ptm/b/n' tried instead on input line 562.

Underfull \hbox (badness 1231) in paragraph at lines 566--567
\OT1/ptm/m/n/7 by asymmetric segregation of a limiting resource during cell div
ision.
 []


Underfull \hbox (badness 10000) in paragraph at lines 570--571
[]\OT1/ptm/m/n/7 Balaban,N.Q.Gerdes,K., Lewis,K. McKinney,J.D.(2013) A problem 
of
 []


Underfull \hbox (badness 1831) in paragraph at lines 572--573
[]\OT1/ptm/m/n/7 Banks,A.P., Lawless,C., Lydall,D.A. (2012) Quantitative Fitnes
s Analysis
 []


Underfull \hbox (badness 1406) in paragraph at lines 576--577
[]\OT1/ptm/m/n/7 Baranyi,J. (1998) Comparison of stochastic and deterministic c
oncepts of
 []

Missing character: There is no  in font ptmr7t!
Missing character: There is no  in font ptmr7t!
Missing character: There is no  in font ptmr7t!

Underfull \hbox (badness 10000) in paragraph at lines 580--581
[]\OT1/ptm/m/n/7 Batchelor,S.E., Cooper,M., Chhabra,S.R., Glover,L.A., Stewart,
G.S.,
 []


Underfull \hbox (badness 10000) in paragraph at lines 580--581
\OT1/ptm/m/n/7 Williams,P., Prosser,J.I. (1997) Cell density-regulated recovery
 of
 []

Missing character: There is no  in font ptmr7t!
Missing character: There is no  in font ptmr7t!
Missing character: There is no  in font ptmr7t!
Missing character: There is no  in font ptmr7t!
Missing character: There is no  in font ptmr7t!
Missing character: There is no  in font ptmr7t!
Missing character: There is no  in font ptmr7t!

Underfull \hbox (badness 5161) in paragraph at lines 599--600
[]\OT1/ptm/m/n/7 Ding,L., Ley,J.T., Larson,D.E., Miller,C.A., Koboldt,D.C., Wel
ch,J.S.,
 []


Underfull \hbox (badness 4060) in paragraph at lines 599--600
\OT1/ptm/m/n/7 Wallis,J.W., Lu,C., Shen,D., Harris,C.C., Dooling,D.J., Fulton,R
.S.,
 []


Underfull \hbox (badness 1436) in paragraph at lines 599--600
\OT1/ptm/m/n/7 Tomasson,M.H., Shannon,W.D., Payton,J.E., Kulkarni,S., Westervel
t,P.,
 []


Underfull \hbox (badness 8113) in paragraph at lines 601--602
[]\OT1/ptm/m/n/7 Eddelbuettel,D. and Francois,R (2011) Rcpp: Seamless R and C++

 []


Underfull \hbox (badness 10000) in paragraph at lines 601--602
\OT1/ptm/m/n/7 Integration. \OT1/ptm/m/it/7 Journal of Statistical Software\OT1
/ptm/m/n/7 , \OT1/ptm/b/n/7 40\OT1/ptm/m/n/7 , 1-18. URL
 []


Underfull \hbox (badness 10000) in paragraph at lines 607--608
[]\OT1/ptm/m/n/7 Fridman,O., Goldberg,0., Ronin,I. Shoresh,N., Balaban,N.Q. (20
14)
 []


Underfull \hbox (badness 6559) in paragraph at lines 607--608
\OT1/ptm/m/n/7 Optimization of lag time underlies antibiotic tolerance in evolv
ed
 []


Underfull \hbox (badness 10000) in paragraph at lines 609--610
[]\OT1/ptm/m/n/7 Goerg,G.M. (2016). LambertW: An R package for Lambert
 []


Underfull \hbox (badness 10000) in paragraph at lines 609--610
\OT1/ptm/m/n/7 W x F Random Variables. R package version 0.6.4. URL
 []


Underfull \hbox (badness 1264) in paragraph at lines 625--626
[]\OT1/ptm/m/n/7 Marusyk,A., Almendro,V., Polyak,K. (2012) Intra-tumor heteroge
neity: A
 []


Underfull \vbox (badness 10000) has occurred while \output is active []

 [15]
Underfull \hbox (badness 10000) in paragraph at lines 635--636
[]\OT1/ptm/m/n/7 Odersky,M., Altherr,P., Cremet,V., Dragos,J., Dubochet,G., Emi
r,B.,
 []


Underfull \hbox (badness 4543) in paragraph at lines 648--649
\OT1/ptm/m/n/7 (2001) The effect of inoculum size on the lag phase of \OT1/ptm/
m/it/7 Listeria
 []

Missing character: There is no  in font ptmr7t!
Missing character: There is no  in font ptmr7t!
Missing character: There is no  in font ptmr7t!
Missing character: There is no  in font ptmr7t!
Missing character: There is no  in font ptmr7t!

Underfull \hbox (badness 6526) in paragraph at lines 670--671
\OT1/ptm/m/n/7 Biology. (2nd Ed.) R package version 1.1. URL https://CRAN.R-
 []


Underfull \hbox (badness 6477) in paragraph at lines 672--673
[]\OT1/ptm/m/n/7 Wilkinson,D.J. (2016) A scalable particle filter in Scala. Jul
y 2016,
 []


Underfull \hbox (badness 1859) in paragraph at lines 672--673
\OT1/ptm/m/n/7 Accessed 17.08.2016. URL https://darrenjw.wordpress.com/2016/07/
22/a-
 []


Underfull \vbox (badness 10000) has occurred while \output is active []

Extra height:10.0pt when 280.49347pt

Underfull \vbox (badness 10000) has occurred while \output is active []

Extra height:10.0pt when 281.49347pt

Underfull \vbox (badness 10000) has occurred while \output is active []

Extra height:0.0pt when 282.49347pt

Underfull \vbox (badness 10000) has occurred while \output is active []

(2)Left:282.49347pt Right:281.98694pt Output:282.49347pt
- LAST -
Extra skip:0.0pt
Left:282.49347pt
Right:281.98694pt
Output:282.49347pt

Underfull \vbox (badness 10000) has occurred while \output is active []

 [16

]
(./document.aux)

LaTeX Font Warning: Size substitutions with differences
(Font)              up to 1.0pt have occurred.

 )
(\end occurred inside a group at level 1)

### simple group (level 1) entered at line 335 ({)
### bottom level 
Here is how much of TeX's memory you used:
 25269 strings out of 493013
 512083 string characters out of 6135682
 522033 words of memory out of 5000000
 28375 multiletter control sequences out of 15000+600000
 57764 words of font info for 137 fonts, out of 8000000 for 9000
 1145 hyphenation exceptions out of 8191
 64i,9n,60p,10417b,782s stack positions out of 5000i,500n,10000p,200000b,80000s
{/usr/share/texlive/texmf-dist/fonts/enc/dvips/base/8r.enc}</us
r/share/texlive/texmf-dist/fonts/type1/public/amsfonts/cmextra/cmex9.pfb></usr/
share/texlive/texmf-dist/fonts/type1/public/amsfonts/cm/cmmi12.pfb></usr/share/
texlive/texmf-dist/fonts/type1/public/amsfonts/cm/cmmi5.pfb></usr/share/texlive
/texmf-dist/fonts/type1/public/amsfonts/cm/cmmi6.pfb></usr/share/texlive/texmf-
dist/fonts/type1/public/amsfonts/cm/cmmi7.pfb></usr/share/texlive/texmf-dist/fo
nts/type1/public/amsfonts/cm/cmmi8.pfb></usr/share/texlive/texmf-dist/fonts/typ
e1/public/amsfonts/cm/cmmi9.pfb></usr/share/texlive/texmf-dist/fonts/type1/publ
ic/amsfonts/cm/cmmib10.pfb></usr/share/texlive/texmf-dist/fonts/type1/public/am
sfonts/cm/cmr5.pfb></usr/share/texlive/texmf-dist/fonts/type1/public/amsfonts/c
m/cmr6.pfb></usr/share/texlive/texmf-dist/fonts/type1/public/amsfonts/cm/cmr7.p
fb></usr/share/texlive/texmf-dist/fonts/type1/public/amsfonts/cm/cmr8.pfb></usr
/share/texlive/texmf-dist/fonts/type1/public/amsfonts/cm/cmr9.pfb></usr/share/t
exlive/texmf-dist/fonts/type1/public/amsfonts/cm/cmsy6.pfb></usr/share/texlive/
texmf-dist/fonts/type1/public/amsfonts/cm/cmsy8.pfb></usr/share/texlive/texmf-d
ist/fonts/type1/public/amsfonts/cm/cmsy9.pfb></usr/share/texlive/texmf-dist/fon
ts/type1/urw/courier/ucrr8a.pfb></usr/share/texlive/texmf-dist/fonts/type1/urw/
helvetic/uhvb8a.pfb></usr/share/texlive/texmf-dist/fonts/type1/urw/helvetic/uhv
r8a.pfb></usr/share/texlive/texmf-dist/fonts/type1/urw/helvetic/uhvro8a.pfb></u
sr/share/texlive/texmf-dist/fonts/type1/urw/times/utmb8a.pfb></usr/share/texliv
e/texmf-dist/fonts/type1/urw/times/utmbi8a.pfb></usr/share/texlive/texmf-dist/f
onts/type1/urw/times/utmr8a.pfb></usr/share/texlive/texmf-dist/fonts/type1/urw/
times/utmri8a.pfb>
Output written on document.pdf (16 pages, 2105194 bytes).
PDF statistics:
 199 PDF objects out of 1000 (max. 8388607)
 114 compressed objects within 2 object streams
 0 named destinations out of 1000 (max. 500000)
 118 words of extra memory for PDF output out of 10000 (max. 10000000)

